<?xml version="1.0" encoding="UTF-8"?>
<!-- Generated by org.testng.reporters.JUnitXMLReporter -->
<testsuite hostname="DESKTOP-IUV45J7" ignored="2" name="TC_082_Verify Authentication process of a finsys user having role of RM" tests="3" failures="1" timestamp="19 Aug 2018 14:54:00 GMT" time="44.28" errors="0">
  <testcase name="ExecuteLaunch" time="13.695" classname="ej.finsys.modules.Launch"/>
  <testcase name="ExecuteLogin" time="20.485" classname="ej.finsys.modules.Login">
    <failure type="java.lang.AssertionError" message="expected [Welcome dummy[CFO]] but found [Welcome dummy[RM]]">
      <![CDATA[java.lang.AssertionError: expected [Welcome dummy[CFO]] but found [Welcome dummy[RM]]
	at ej.finsys.modules.Login.ExecuteLogin(Login.java:76)
... Removed 31 stack frames]]>
    </failure>
  </testcase> <!-- ExecuteLogin -->
  <testcase name="closebrowser" time="10.074" classname="ej.finsys.utility.Close_browser"/>
  <testcase name="Executeloginwithinvalid" time="0.0" classname="ej.finsys.modules.Login">
    <ignored/>
  </testcase> <!-- Executeloginwithinvalid -->
  <testcase name="ExecuteLogin2" time="0.0" classname="ej.finsys.modules.Login">
    <ignored/>
  </testcase> <!-- ExecuteLogin2 -->
</testsuite> <!-- TC_082_Verify Authentication process of a finsys user having role of RM -->
