<?xml version="1.0" encoding="UTF-8"?>
<!-- Generated by org.testng.reporters.JUnitXMLReporter -->
<testsuite hostname="DESKTOP-IUV45J7" ignored="2" name="TC_082_Verify Authentication process of a finsys user having role of CFO" tests="3" failures="0" timestamp="19 Aug 2018 14:52:31 GMT" time="72.303" errors="0">
  <testcase name="ExecuteLaunch" time="35.786" classname="ej.finsys.modules.Launch"/>
  <testcase name="ExecuteLogin" time="25.983" classname="ej.finsys.modules.Login"/>
  <testcase name="closebrowser" time="10.359" classname="ej.finsys.utility.Close_browser"/>
  <testcase name="Executeloginwithinvalid" time="0.0" classname="ej.finsys.modules.Login">
    <ignored/>
  </testcase> <!-- Executeloginwithinvalid -->
  <testcase name="ExecuteLogin2" time="0.0" classname="ej.finsys.modules.Login">
    <ignored/>
  </testcase> <!-- ExecuteLogin2 -->
</testsuite> <!-- TC_082_Verify Authentication process of a finsys user having role of CFO -->
