<?xml version="1.0" encoding="UTF-8"?>
<!-- Generated by org.testng.reporters.JUnitXMLReporter -->
<testsuite hostname="DESKTOP-IUV45J7" ignored="2" name="TC_084_Verify updated details of the Company are properly reflecting on View Company Page" tests="4" failures="1" timestamp="19 Aug 2018 14:59:10 GMT" time="128.091" errors="0">
  <testcase name="ExecuteLaunch" time="17.039" classname="ej.finsys.modules.Launch"/>
  <testcase name="ExecuteLogin2" time="15.369" classname="ej.finsys.modules.Login"/>
  <testcase name="updatecompany" time="83.269" classname="ej.finsys.modules.UpdateManageCompany">
    <failure type="java.lang.AssertionError" message="expected [true] but found [false]">
      <![CDATA[java.lang.AssertionError: expected [true] but found [false]
	at ej.finsys.modules.UpdateManageCompany.updatecompany(UpdateManageCompany.java:70)
... Removed 30 stack frames]]>
    </failure>
  </testcase> <!-- updatecompany -->
  <testcase name="closebrowser" time="12.396" classname="ej.finsys.utility.Close_browser"/>
  <testcase name="ExecuteLogin" time="0.0" classname="ej.finsys.modules.Login">
    <ignored/>
  </testcase> <!-- ExecuteLogin -->
  <testcase name="Executeloginwithinvalid" time="0.0" classname="ej.finsys.modules.Login">
    <ignored/>
  </testcase> <!-- Executeloginwithinvalid -->
</testsuite> <!-- TC_084_Verify updated details of the Company are properly reflecting on View Company Page -->
