<?xml version="1.0" encoding="UTF-8"?>
<!-- Generated by org.testng.reporters.JUnitXMLReporter -->
<testsuite hostname="DESKTOP-IUV45J7" ignored="2" name="Verify Authentication process of a finsys user having role of CFO" tests="3" failures="0" timestamp="11 Jul 2018 05:40:34 GMT" time="36.07" errors="0">
  <testcase name="ExecuteLaunch" time="10.376" classname="ej.finsys.modules.Launch"/>
  <testcase name="ExecuteLogin" time="20.57" classname="ej.finsys.modules.Login"/>
  <testcase name="closebrowser" time="5.081" classname="ej.finsys.utility.Close_browser"/>
  <testcase name="Executeloginwithinvalid" time="0.0" classname="ej.finsys.modules.Login">
    <ignored/>
  </testcase> <!-- Executeloginwithinvalid -->
  <testcase name="ExecuteLogin2" time="0.0" classname="ej.finsys.modules.Login">
    <ignored/>
  </testcase> <!-- ExecuteLogin2 -->
</testsuite> <!-- Verify Authentication process of a finsys user having role of CFO -->
