<?xml version="1.0" encoding="UTF-8"?>
<!-- Generated by org.testng.reporters.JUnitXMLReporter -->
<testsuite hostname="DESKTOP-IUV45J7" ignored="8" name="TC_085_Verify of Deletion of a Recently added Company whose revenue and expense related information is not available" tests="1" failures="0" timestamp="07 Jul 2018 05:08:49 GMT" time="117.938" errors="0">
  <testcase name="deletecompany" time="96.252" classname="ej.finsys.Testsuite.Test_Execution"/>
  <testcase name="LoginwithCFO" time="0.0" classname="ej.finsys.Testsuite.Test_Execution">
    <ignored/>
  </testcase> <!-- LoginwithCFO -->
  <testcase name="deletecompanywithLI" time="0.0" classname="ej.finsys.Testsuite.Test_Execution">
    <ignored/>
  </testcase> <!-- deletecompanywithLI -->
  <testcase name="LoginwithRM" time="0.0" classname="ej.finsys.Testsuite.Test_Execution">
    <ignored/>
  </testcase> <!-- LoginwithRM -->
  <testcase name="LoginwithITM" time="0.0" classname="ej.finsys.Testsuite.Test_Execution">
    <ignored/>
  </testcase> <!-- LoginwithITM -->
  <testcase name="createleaseholdimp" time="0.0" classname="ej.finsys.Testsuite.Test_Execution">
    <ignored/>
  </testcase> <!-- createleaseholdimp -->
  <testcase name="updatemanagecompany" time="0.0" classname="ej.finsys.Testsuite.Test_Execution">
    <ignored/>
  </testcase> <!-- updatemanagecompany -->
  <testcase name="LoginwithFM" time="0.0" classname="ej.finsys.Testsuite.Test_Execution">
    <ignored/>
  </testcase> <!-- LoginwithFM -->
  <testcase name="createManageCompanyTest" time="0.0" classname="ej.finsys.Testsuite.Test_Execution">
    <ignored/>
  </testcase> <!-- createManageCompanyTest -->
</testsuite> <!-- TC_085_Verify of Deletion of a Recently added Company whose revenue and expense related information is not available -->
