<?xml version="1.0" encoding="UTF-8"?>
<!-- Generated by org.testng.reporters.JUnitXMLReporter -->
<testsuite hostname="DESKTOP-IUV45J7" ignored="8" name="TC_088_Verify Creation of a New Leasehold Improvements by passing all Valid Details" tests="1" failures="0" timestamp="07 Jul 2018 05:12:16 GMT" time="118.35" errors="0">
  <testcase name="createleaseholdimp" time="97.162" classname="ej.finsys.Testsuite.Test_Execution"/>
  <testcase name="LoginwithCFO" time="0.0" classname="ej.finsys.Testsuite.Test_Execution">
    <ignored/>
  </testcase> <!-- LoginwithCFO -->
  <testcase name="deletecompanywithLI" time="0.0" classname="ej.finsys.Testsuite.Test_Execution">
    <ignored/>
  </testcase> <!-- deletecompanywithLI -->
  <testcase name="LoginwithRM" time="0.0" classname="ej.finsys.Testsuite.Test_Execution">
    <ignored/>
  </testcase> <!-- LoginwithRM -->
  <testcase name="LoginwithITM" time="0.0" classname="ej.finsys.Testsuite.Test_Execution">
    <ignored/>
  </testcase> <!-- LoginwithITM -->
  <testcase name="updatemanagecompany" time="0.0" classname="ej.finsys.Testsuite.Test_Execution">
    <ignored/>
  </testcase> <!-- updatemanagecompany -->
  <testcase name="LoginwithFM" time="0.0" classname="ej.finsys.Testsuite.Test_Execution">
    <ignored/>
  </testcase> <!-- LoginwithFM -->
  <testcase name="deletecompany" time="0.0" classname="ej.finsys.Testsuite.Test_Execution">
    <ignored/>
  </testcase> <!-- deletecompany -->
  <testcase name="createManageCompanyTest" time="0.0" classname="ej.finsys.Testsuite.Test_Execution">
    <ignored/>
  </testcase> <!-- createManageCompanyTest -->
</testsuite> <!-- TC_088_Verify Creation of a New Leasehold Improvements by passing all Valid Details -->
