<?xml version="1.0" encoding="UTF-8"?>
<!-- Generated by org.testng.reporters.JUnitXMLReporter -->
<testsuite hostname="DESKTOP-IUV45J7" ignored="8" name="TC_086_Verify of Deletion of a Company whose revenue and expense related information is available" tests="1" failures="0" timestamp="07 Jul 2018 05:10:17 GMT" time="87.97" errors="0">
  <testcase name="deletecompanywithLI" time="66.091" classname="ej.finsys.Testsuite.Test_Execution"/>
  <testcase name="LoginwithCFO" time="0.0" classname="ej.finsys.Testsuite.Test_Execution">
    <ignored/>
  </testcase> <!-- LoginwithCFO -->
  <testcase name="LoginwithRM" time="0.0" classname="ej.finsys.Testsuite.Test_Execution">
    <ignored/>
  </testcase> <!-- LoginwithRM -->
  <testcase name="LoginwithITM" time="0.0" classname="ej.finsys.Testsuite.Test_Execution">
    <ignored/>
  </testcase> <!-- LoginwithITM -->
  <testcase name="createleaseholdimp" time="0.0" classname="ej.finsys.Testsuite.Test_Execution">
    <ignored/>
  </testcase> <!-- createleaseholdimp -->
  <testcase name="updatemanagecompany" time="0.0" classname="ej.finsys.Testsuite.Test_Execution">
    <ignored/>
  </testcase> <!-- updatemanagecompany -->
  <testcase name="LoginwithFM" time="0.0" classname="ej.finsys.Testsuite.Test_Execution">
    <ignored/>
  </testcase> <!-- LoginwithFM -->
  <testcase name="deletecompany" time="0.0" classname="ej.finsys.Testsuite.Test_Execution">
    <ignored/>
  </testcase> <!-- deletecompany -->
  <testcase name="createManageCompanyTest" time="0.0" classname="ej.finsys.Testsuite.Test_Execution">
    <ignored/>
  </testcase> <!-- createManageCompanyTest -->
</testsuite> <!-- TC_086_Verify of Deletion of a Company whose revenue and expense related information is available -->
