<?xml version="1.0" encoding="UTF-8"?>
<!-- Generated by org.testng.reporters.JUnitXMLReporter -->
<testsuite hostname="DESKTOP-IUV45J7" ignored="0" name="TC_082_Verify Authentication process of a finsys user having role of either CFO/FM/COH/RM/ITM/ABM" tests="2" failures="0" timestamp="07 Jul 2018 09:15:42 GMT" time="35.446" errors="0">
  <testcase name="ExecuteLaunch" time="14.799" classname="ej.finsys.modules.Launch"/>
  <testcase name="ExecuteLogin" time="20.618" classname="ej.finsys.modules.Login"/>
</testsuite> <!-- TC_082_Verify Authentication process of a finsys user having role of either CFO/FM/COH/RM/ITM/ABM -->
