<?xml version="1.0" encoding="UTF-8"?>
<!-- Generated by org.testng.reporters.JUnitXMLReporter -->
<testsuite hostname="DESKTOP-IUV45J7" ignored="8" name="TC_084_Verify updated details of the Company are properly reflecting on View Company Page" tests="1" failures="1" timestamp="07 Jul 2018 05:06:51 GMT" time="111.147" errors="0">
  <testcase name="updatemanagecompany" time="87.525" classname="ej.finsys.Testsuite.Test_Execution">
    <failure type="java.lang.AssertionError" message="expected [true] but found [false]">
      <![CDATA[java.lang.AssertionError: expected [true] but found [false]
	at ej.finsys.Testsuite.Test_Execution.updatemanagecompany(Test_Execution.java:118)
... Removed 30 stack frames]]>
    </failure>
  </testcase> <!-- updatemanagecompany -->
  <testcase name="LoginwithCFO" time="0.0" classname="ej.finsys.Testsuite.Test_Execution">
    <ignored/>
  </testcase> <!-- LoginwithCFO -->
  <testcase name="deletecompanywithLI" time="0.0" classname="ej.finsys.Testsuite.Test_Execution">
    <ignored/>
  </testcase> <!-- deletecompanywithLI -->
  <testcase name="LoginwithRM" time="0.0" classname="ej.finsys.Testsuite.Test_Execution">
    <ignored/>
  </testcase> <!-- LoginwithRM -->
  <testcase name="LoginwithITM" time="0.0" classname="ej.finsys.Testsuite.Test_Execution">
    <ignored/>
  </testcase> <!-- LoginwithITM -->
  <testcase name="createleaseholdimp" time="0.0" classname="ej.finsys.Testsuite.Test_Execution">
    <ignored/>
  </testcase> <!-- createleaseholdimp -->
  <testcase name="LoginwithFM" time="0.0" classname="ej.finsys.Testsuite.Test_Execution">
    <ignored/>
  </testcase> <!-- LoginwithFM -->
  <testcase name="deletecompany" time="0.0" classname="ej.finsys.Testsuite.Test_Execution">
    <ignored/>
  </testcase> <!-- deletecompany -->
  <testcase name="createManageCompanyTest" time="0.0" classname="ej.finsys.Testsuite.Test_Execution">
    <ignored/>
  </testcase> <!-- createManageCompanyTest -->
</testsuite> <!-- TC_084_Verify updated details of the Company are properly reflecting on View Company Page -->
