<?xml version="1.0" encoding="UTF-8"?>
<!-- Generated by org.testng.reporters.JUnitXMLReporter -->
<testsuite hostname="DESKTOP-IUV45J7" ignored="0" name="Verify Authentication process of a finsys user having role of either CFO/FM/COH/RM/ITM/ABM" tests="2" failures="0" timestamp="07 Jul 2018 09:17:50 GMT" time="30.232" errors="0">
  <testcase name="ExecuteLaunch" time="9.72" classname="ej.finsys.modules.Launch"/>
  <testcase name="ExecuteLogin" time="20.485" classname="ej.finsys.modules.Login"/>
</testsuite> <!-- Verify Authentication process of a finsys user having role of either CFO/FM/COH/RM/ITM/ABM -->
