<?xml version="1.0" encoding="UTF-8"?>
<!-- Generated by org.testng.reporters.JUnitXMLReporter -->
<testsuite hostname="DESKTOP-IUV45J7" ignored="2" name="TC_082_Verify Authentication process of a finsys user having role of CFO" tests="3" failures="0" timestamp="03 Aug 2018 05:48:39 GMT" time="48.339" errors="0">
  <testcase name="ExecuteLaunch" time="12.734" classname="ej.finsys.modules.Launch"/>
  <testcase name="ExecuteLogin" time="25.459" classname="ej.finsys.modules.Login"/>
  <testcase name="closebrowser" time="10.098" classname="ej.finsys.utility.Close_browser"/>
  <testcase name="Executeloginwithinvalid" time="0.0" classname="ej.finsys.modules.Login">
    <ignored/>
  </testcase> <!-- Executeloginwithinvalid -->
  <testcase name="ExecuteLogin2" time="0.0" classname="ej.finsys.modules.Login">
    <ignored/>
  </testcase> <!-- ExecuteLogin2 -->
</testsuite> <!-- TC_082_Verify Authentication process of a finsys user having role of CFO -->
