<?xml version="1.0" encoding="UTF-8"?>
<testsuite name="TestSuite" time="48.287" tests="9" errors="0" skipped="0" failures="2">
  <properties>
[...]
</properties>
  <testcase name="ExecuteLaunch" classname="ej.finsys.modules.Launch" time="12.733"/>
  <testcase name="ExecuteLaunch" classname="ej.finsys.modules.Launch" time="12.041"/>
  <testcase name="ExecuteLaunch" classname="ej.finsys.modules.Launch" time="12.044"/>
  <testcase name="ExecuteLogin" classname="ej.finsys.modules.Login" time="25.458"/>
  <testcase name="ExecuteLogin" classname="ej.finsys.modules.Login" time="20.365">
    <failure message="expected [Welcome dummy[CFO]] but found [Welcome dummy[FM]]" type="java.lang.AssertionError">java.lang.AssertionError: expected [Welcome dummy[CFO]] but found [Welcome dummy[FM]]
	at org.testng.Assert.fail(Assert.java:94)
	at org.testng.Assert.failNotEquals(Assert.java:513)
	at org.testng.Assert.assertEqualsImpl(Assert.java:135)
	at org.testng.Assert.assertEquals(Assert.java:116)
	at org.testng.Assert.assertEquals(Assert.java:190)
	at org.testng.Assert.assertEquals(Assert.java:200)
	at ej.finsys.modules.Login.ExecuteLogin(Login.java:76)
</failure>
    <system-out><![CDATA[###I am in onTestSuccess Testcase Listner
***The parameter value is:param_browser
***The parameter value is:param_url
***The parameter value is:5000
###Testcasenullis passed
###StepnameExecuteLaunch is passed
2018-08-03 11:18:51 INFO  Testcase_Listner:79 - Testcase Testcasenm is passed:null
###I am in onTestStart Testcase Listner
The parameter name in TestNG file is:param_fm_username_
The parameter value in parameters.properties file is:null
The parameter name in TestNG file is:param_password
The parameter value in parameters.properties file is:passw0rd
The parameter name in TestNG file is:5000
The parameter value in parameters.properties file is:null
UserName is:dummyfm
Password is:passw0rd
The UserName is:dummyfm
The Password is:passw0rd
The Home page title is:Welcome dummy[FM]
The Home page Title is displayed incorrectly
]]></system-out>
  </testcase>
  <testcase name="ExecuteLogin" classname="ej.finsys.modules.Login" time="20.345">
    <failure message="expected [Welcome dummy[CFO]] but found [Welcome dummy[RM]]" type="java.lang.AssertionError">java.lang.AssertionError: expected [Welcome dummy[CFO]] but found [Welcome dummy[RM]]
	at org.testng.Assert.fail(Assert.java:94)
	at org.testng.Assert.failNotEquals(Assert.java:513)
	at org.testng.Assert.assertEqualsImpl(Assert.java:135)
	at org.testng.Assert.assertEquals(Assert.java:116)
	at org.testng.Assert.assertEquals(Assert.java:190)
	at org.testng.Assert.assertEquals(Assert.java:200)
	at ej.finsys.modules.Login.ExecuteLogin(Login.java:76)
</failure>
    <system-out><![CDATA[###I am in onTestSuccess Testcase Listner
***The parameter value is:param_browser
***The parameter value is:param_url
***The parameter value is:5000
###Testcasenullis passed
###StepnameExecuteLaunch is passed
2018-08-03 11:19:34 INFO  Testcase_Listner:79 - Testcase Testcasenm is passed:null
###I am in onTestStart Testcase Listner
The parameter name in TestNG file is:param_rm_username
The parameter value in parameters.properties file is:dummyrm
The parameter name in TestNG file is:param_password
The parameter value in parameters.properties file is:passw0rd
The parameter name in TestNG file is:5000
The parameter value in parameters.properties file is:null
UserName is:dummyrm
Password is:passw0rd
The UserName is:dummyrm
The Password is:passw0rd
The Home page title is:Welcome dummy[RM]
The Home page Title is displayed incorrectly
]]></system-out>
  </testcase>
  <testcase name="closebrowser" classname="ej.finsys.utility.Close_browser" time="10.096"/>
  <testcase name="closebrowser" classname="ej.finsys.utility.Close_browser" time="10.074"/>
  <testcase name="closebrowser" classname="ej.finsys.utility.Close_browser" time="10.069"/>
</testsuite>